2025-06-15 02:04:20 [[31merror[39m]: Error al crear usuario:
2025-06-15 02:05:41 [[31merror[39m]: Error al crear usuario:
2025-06-15 02:07:54 [[31merror[39m]: Error al crear usuario:
2025-06-15 02:11:23 [[31merror[39m]: Error al crear usuario:
2025-06-15 02:11:39 [[31merror[39m]: Error al crear usuario:
2025-06-15 02:53:02 [[31merror[39m]: Error al crear usuario:
2025-06-15 02:53:41 [[31merror[39m]: Error al crear usuario:
2025-06-15 02:53:50 [[31merror[39m]: Error al crear usuario:
2025-06-15 23:11:09 [[31merror[39m]: Error al eliminar usuario:
2025-06-15 23:11:16 [[31merror[39m]: Error al eliminar usuario:
2025-06-15 23:11:22 [[31merror[39m]: Error al eliminar usuario:
2025-06-15 23:15:19 [[31merror[39m]: Error al actualizar usuario:
2025-06-15 23:15:31 [[31merror[39m]: Error al actualizar usuario:
2025-06-15 23:16:54 [[31merror[39m]: Error al actualizar usuario:
2025-06-15 23:22:02 [[31merror[39m]: Error al actualizar usuario:
2025-06-15 23:56:06 [[31merror[39m]: Error al actualizar usuario:
2025-06-15 23:56:11 [[31merror[39m]: Error al actualizar usuario:
2025-06-15 23:56:12 [[31merror[39m]: Error al actualizar usuario:
2025-06-15 23:56:13 [[31merror[39m]: Error al actualizar usuario:
2025-06-17 00:57:26 [[31merror[39m]: Error al actualizar usuario parcialmente:
2025-06-17 00:58:11 [[31merror[39m]: Error al actualizar usuario parcialmente:
2025-06-17 01:02:47 [[31merror[39m]: Error al actualizar usuario parcialmente:
2025-06-17 01:02:58 [[31merror[39m]: Error al actualizar usuario parcialmente:
2025-06-17 21:08:32 [[31merror[39m]: Error al listar usuarios activos:
2025-06-17 21:10:22 [[31merror[39m]: Error al listar usuarios activos:
2025-06-17 21:32:44 [[31merror[39m]: Error al crear usuario:
2025-06-17 21:35:55 [[31merror[39m]: Error al crear usuario:
2025-06-17 21:38:21 [[31merror[39m]: Error al crear usuario:
2025-06-17 21:41:36 [[31merror[39m]: Error al crear usuario:
2025-06-17 21:45:30 [[31merror[39m]: Error al actualizar estado del usuario:
2025-06-17 21:46:12 [[31merror[39m]: Error al actualizar estado del usuario:
2025-06-17 21:55:06 [[31merror[39m]: Error al actualizar usuario parcialmente:
2025-06-17 21:55:29 [[31merror[39m]: Error al actualizar usuario parcialmente:
2025-06-17 22:02:33 [[31merror[39m]: Error al eliminar usuario:
