2025-06-15 02:04:20 [[31merror[39m]: Error al crear usuario:
2025-06-15 02:05:41 [[31merror[39m]: Error al crear usuario:
2025-06-15 02:07:54 [[31merror[39m]: Error al crear usuario:
2025-06-15 02:11:23 [[31merror[39m]: Error al crear usuario:
2025-06-15 02:11:39 [[31merror[39m]: Error al crear usuario:
2025-06-15 02:53:02 [[31merror[39m]: Error al crear usuario:
2025-06-15 02:53:41 [[31merror[39m]: Error al crear usuario:
2025-06-15 02:53:50 [[31merror[39m]: Error al crear usuario:
2025-06-15 23:11:09 [[31merror[39m]: Error al eliminar usuario:
2025-06-15 23:11:16 [[31merror[39m]: Error al eliminar usuario:
2025-06-15 23:11:22 [[31merror[39m]: Error al eliminar usuario:
2025-06-15 23:15:19 [[31merror[39m]: Error al actualizar usuario:
2025-06-15 23:15:31 [[31merror[39m]: Error al actualizar usuario:
2025-06-15 23:16:54 [[31merror[39m]: Error al actualizar usuario:
2025-06-15 23:22:02 [[31merror[39m]: Error al actualizar usuario:
2025-06-15 23:56:06 [[31merror[39m]: Error al actualizar usuario:
2025-06-15 23:56:11 [[31merror[39m]: Error al actualizar usuario:
2025-06-15 23:56:12 [[31merror[39m]: Error al actualizar usuario:
2025-06-15 23:56:13 [[31merror[39m]: Error al actualizar usuario:
2025-06-17 00:57:26 [[31merror[39m]: Error al actualizar usuario parcialmente:
2025-06-17 00:58:11 [[31merror[39m]: Error al actualizar usuario parcialmente:
2025-06-17 01:02:47 [[31merror[39m]: Error al actualizar usuario parcialmente:
2025-06-17 01:02:58 [[31merror[39m]: Error al actualizar usuario parcialmente:
2025-06-17 21:08:32 [[31merror[39m]: Error al listar usuarios activos:
2025-06-17 21:10:22 [[31merror[39m]: Error al listar usuarios activos:
2025-06-17 21:32:44 [[31merror[39m]: Error al crear usuario:
2025-06-17 21:35:55 [[31merror[39m]: Error al crear usuario:
2025-06-17 21:38:21 [[31merror[39m]: Error al crear usuario:
2025-06-17 21:41:36 [[31merror[39m]: Error al crear usuario:
2025-06-17 21:45:30 [[31merror[39m]: Error al actualizar estado del usuario:
2025-06-17 21:46:12 [[31merror[39m]: Error al actualizar estado del usuario:
2025-06-17 21:55:06 [[31merror[39m]: Error al actualizar usuario parcialmente:
2025-06-17 21:55:29 [[31merror[39m]: Error al actualizar usuario parcialmente:
2025-06-17 22:02:33 [[31merror[39m]: Error al eliminar usuario:
2025-06-21 04:15:55 [[31merror[39m]: Error al crear usuario:
2025-06-21 04:15:58 [[31merror[39m]: Error al crear usuario:
2025-06-21 04:16:07 [[31merror[39m]: Error al crear usuario:
2025-06-21 04:16:31 [[31merror[39m]: Error al crear usuario:
2025-06-21 04:16:41 [[31merror[39m]: Error al crear usuario:
2025-06-21 04:16:56 [[31merror[39m]: Error al crear usuario:
2025-06-22 09:08:36 [[31merror[39m]: Error al actualizar usuario parcialmente:
2025-06-22 09:08:48 [[31merror[39m]: Error al actualizar usuario parcialmente:
2025-06-22 09:15:03 [[31merror[39m]: Error al actualizar usuario parcialmente:
2025-06-22 09:16:01 [[31merror[39m]: Error al actualizar usuario parcialmente:
2025-06-22 09:16:06 [[31merror[39m]: Error al actualizar usuario parcialmente:
2025-06-22 09:16:11 [[31merror[39m]: Error al actualizar usuario parcialmente:
2025-06-22 09:16:13 [[31merror[39m]: Error al actualizar usuario parcialmente:
2025-06-22 09:16:19 [[31merror[39m]: Error al actualizar estado del usuario:
2025-06-22 09:17:47 [[31merror[39m]: Error al actualizar usuario parcialmente:
2025-06-22 09:49:36 [[31merror[39m]: Error al actualizar contraseña: Cannot read properties of undefined (reading 'Servicio')
2025-06-22 09:50:52 [[31merror[39m]: Error al actualizar contraseña: Cannot read properties of undefined (reading 'Servicio')
2025-06-22 09:51:04 [[31merror[39m]: Error al actualizar contraseña: Cannot read properties of undefined (reading 'Servicio')
2025-06-22 09:51:24 [[31merror[39m]: Error al actualizar contraseña: Cannot read properties of undefined (reading 'Servicio')
2025-06-23 18:28:55 [[31merror[39m]: Error al obtener evento: The number NaN cannot be converted to a BigInt because it is not an integer
2025-06-23 18:29:21 [[31merror[39m]: Error al obtener evento: The number NaN cannot be converted to a BigInt because it is not an integer
2025-06-23 18:31:55 [[31merror[39m]: Error al listar eventos por categoría: The number NaN cannot be converted to a BigInt because it is not an integer
2025-06-23 18:33:21 [[31merror[39m]: Error al listar eventos por categoría: The number NaN cannot be converted to a BigInt because it is not an integer
2025-06-23 19:41:29 [[31merror[39m]: Error al listar eventos por categoría: The number NaN cannot be converted to a BigInt because it is not an integer
2025-06-23 19:42:09 [[31merror[39m]: Error al listar eventos por categoría: Cannot convert object to primitive value
2025-06-23 19:44:00 [[31merror[39m]: Error al obtener evento: The number NaN cannot be converted to a BigInt because it is not an integer
2025-06-23 19:46:55 [[31merror[39m]: Error al obtener evento: The number NaN cannot be converted to a BigInt because it is not an integer
2025-06-23 19:48:15 [[31merror[39m]: Error al obtener evento: The number NaN cannot be converted to a BigInt because it is not an integer
2025-06-23 19:49:04 [[31merror[39m]: Error al obtener evento: The number NaN cannot be converted to a BigInt because it is not an integer
2025-06-23 19:51:32 [[31merror[39m]: Error al obtener evento: The number NaN cannot be converted to a BigInt because it is not an integer
2025-06-23 20:32:51 [[31merror[39m]: Error al actualizar evento: 
Invalid `prisma.eventos.update()` invocation in
C:\Users\juang\Documents\Proyectos de NODE\proyecto 2\API-EVENTOS\Backend\src\services\eventos\updateEventos.ts:34:40

  31 }
  32 
  33 // Actualizar evento
→ 34 const updated = await prisma.eventos.update({
       where: {
         id_evento: 77n
       },
       data: {
         titulo: "CHIPIRITO",
         descripcion: "la voda de chipirito",
         ubicacion: "lima , san marco , Perú",
         fecha_inicio: "2025-10-01",
                       ~~~~~~~~~~~~
         fecha_fin: "2025-10-02",
         precio: "600",
         imagen: "https://res.cloudinary.com/dcolydznr/image/upload/v1750728504/eventos/fotoeventos/CHIPIRITO.jpg",
         id_categoria: 1n,
         actualizado_evento: new Date("2025-06-24T01:32:51.541Z")
       }
     })

Invalid value for argument `fecha_inicio`: premature end of input. Expected ISO-8601 DateTime.
2025-06-24 03:31:43 [[31merror[39m]: Error al buscar usuario por email:
2025-06-25 16:42:15 [[31merror[39m]: Error al crear categoría: Acceso denegado
2025-06-25 16:44:36 [[31merror[39m]: Error al crear categoría: Acceso denegado
2025-06-26 00:16:05 [[31merror[39m]: Error al crear categoría: Error al crear la categoría: Cannot read properties of undefined (reading 'nombre')
2025-06-26 00:18:05 [[31merror[39m]: Error al crear categoría: Error al crear la categoría: Cannot read properties of undefined (reading 'nombre')
2025-06-26 00:20:13 [[31merror[39m]: Error al crear categoría: Error al crear la categoría: Cannot read properties of undefined (reading 'nombre')
2025-06-26 00:21:57 [[31merror[39m]: Error al crear categoría: Error al crear la categoría: Cannot read properties of undefined (reading 'nombre')
2025-06-26 00:22:53 [[31merror[39m]: Error al crear categoría: Faltan datos requeridos: nombre de categoría
2025-06-26 00:22:55 [[31merror[39m]: Error al crear categoría: Faltan datos requeridos: nombre de categoría
2025-06-26 00:23:16 [[31merror[39m]: Error al crear categoría: Faltan datos requeridos: nombre de categoría
2025-06-26 00:26:40 [[31merror[39m]: Error al actualizar categoría: Categoría no encontrada
2025-06-26 00:27:08 [[31merror[39m]: Error al actualizar categoría: Categoría no encontrada
2025-06-26 00:27:28 [[31merror[39m]: Error al actualizar categoría: Categoría no encontrada
2025-06-26 00:27:43 [[31merror[39m]: Error al actualizar categoría: Categoría no encontrada
2025-06-26 00:33:38 [[31merror[39m]: Error al registrar el pago: Do not know how to serialize a BigInt
2025-06-26 00:34:14 [[31merror[39m]: Error al registrar el pago: Do not know how to serialize a BigInt
2025-06-26 00:35:20 [[31merror[39m]: Error al registrar el pago: Do not know how to serialize a BigInt
2025-07-01 20:16:32 [[31merror[39m]: Error al buscar usuario por email:
2025-07-01 20:17:45 [[31merror[39m]: Error al buscar usuario por email:
2025-07-01 20:18:45 [[31merror[39m]: Error al buscar usuario por email:
2025-07-01 20:21:55 [[31merror[39m]: Error al buscar usuario por email:
2025-07-01 20:52:58 [[31merror[39m]: Error al buscar usuario por email:
2025-07-01 20:53:25 [[31merror[39m]: Error al buscar usuario por email:
2025-07-01 20:54:05 [[31merror[39m]: Error al buscar usuario por email:
2025-07-01 20:54:39 [[31merror[39m]: Error al buscar usuario por email:
2025-07-01 20:55:16 [[31merror[39m]: Error al buscar usuario por email:
2025-07-01 20:58:13 [[31merror[39m]: Error al buscar usuario por email:
2025-07-01 22:23:37 [[31merror[39m]: Error al buscar usuario por email:
2025-07-01 23:19:40 [[31merror[39m]: Error al buscar usuario por email:
2025-07-01 23:31:57 [[31merror[39m]: Error al buscar usuario por email:
2025-07-01 23:55:53 [[31merror[39m]: Error al buscar usuario por email:
2025-07-02 00:08:31 [[31merror[39m]: Error al buscar usuario por email:
2025-07-02 00:18:32 [[31merror[39m]: Error al buscar usuario por email:
2025-07-02 01:09:44 [[31merror[39m]: Error al buscar usuario por email:
2025-07-02 23:19:48 [[31merror[39m]: Error al buscar eventos por nombre: Cannot destructure property 'nombre' of 'req.body' as it is undefined.
2025-07-02 23:20:00 [[31merror[39m]: Error al buscar eventos por nombre: Cannot destructure property 'nombre' of 'req.body' as it is undefined.
2025-07-02 23:24:51 [[31merror[39m]: Error al buscar eventos por nombre: Cannot destructure property 'nombre' of 'req.body' as it is undefined.
2025-07-02 23:24:58 [[31merror[39m]: Error al buscar eventos por nombre: Cannot destructure property 'nombre' of 'req.body' as it is undefined.
2025-07-02 23:25:05 [[31merror[39m]: Error al buscar eventos por nombre: Cannot destructure property 'nombre' of 'req.body' as it is undefined.
2025-07-02 23:30:21 [[31merror[39m]: Error al buscar eventos por nombre: Cannot destructure property 'nombre' of 'req.body' as it is undefined.
2025-07-02 23:30:38 [[31merror[39m]: Error al buscar eventos por nombre: Cannot destructure property 'nombre' of 'req.body' as it is undefined.
2025-07-02 23:30:51 [[31merror[39m]: Error al buscar eventos por nombre: Cannot destructure property 'nombre' of 'req.body' as it is undefined.
2025-07-02 23:32:36 [[31merror[39m]: Error al buscar eventos por nombre: Cannot destructure property 'nombre' of 'req.body' as it is undefined.
2025-07-02 23:32:37 [[31merror[39m]: Error al buscar eventos por nombre: Cannot destructure property 'nombre' of 'req.body' as it is undefined.
2025-07-02 23:32:46 [[31merror[39m]: Error al buscar eventos por nombre: Cannot destructure property 'nombre' of 'req.body' as it is undefined.
2025-07-02 23:35:47 [[31merror[39m]: Error al buscar eventos por nombre: Cannot destructure property 'nombre' of 'req.body' as it is undefined.
2025-07-02 23:49:56 [[31merror[39m]: Error al buscar usuario por email:
2025-07-03 01:27:12 [[31merror[39m]: Error al buscar usuario por email:
2025-07-04 00:45:35 [[31merror[39m]: Error al listar eventos por rango de fechas: Cannot destructure property 'desde' of 'req.body' as it is undefined.
2025-07-04 00:45:52 [[31merror[39m]: Error al listar eventos por rango de fechas: Cannot destructure property 'desde' of 'req.body' as it is undefined.
2025-07-04 00:49:02 [[31merror[39m]: Error al listar eventos por rango de fechas: Cannot destructure property 'desde' of 'req.body' as it is undefined.
2025-07-04 00:52:23 [[31merror[39m]: Error al listar eventos por rango de fechas: Cannot destructure property 'desde' of 'req.body' as it is undefined.
2025-07-04 00:53:20 [[31merror[39m]: Error al listar eventos por rango de fechas: Cannot destructure property 'desde' of 'req.body' as it is undefined.
2025-07-04 13:38:00 [[31merror[39m]: Error al buscar usuario por email:
2025-07-04 14:09:44 [[31merror[39m]: Error al buscar usuario por email:
2025-07-04 14:34:46 [[31merror[39m]: Error al buscar usuario por email:
2025-07-04 14:35:12 [[31merror[39m]: Error al buscar usuario por email:
2025-07-04 14:39:27 [[31merror[39m]: Error al buscar usuario por email:
2025-07-04 14:39:42 [[31merror[39m]: Error al buscar usuario por email:
2025-07-04 14:40:19 [[31merror[39m]: Error al buscar usuario por email:
2025-07-04 14:42:31 [[31merror[39m]: Error al buscar usuario por email:
2025-07-04 14:42:52 [[31merror[39m]: Error al buscar usuario por email:
2025-07-04 15:05:19 [[31merror[39m]: Error al buscar usuario por email:
2025-07-04 15:49:43 [[31merror[39m]: Error al buscar usuario por email:
2025-07-04 19:17:42 [[31merror[39m]: Error al buscar usuario por email:
2025-07-04 19:18:16 [[31merror[39m]: Error al buscar usuario por email:
2025-07-04 19:37:12 [[31merror[39m]: Error al buscar usuario por email:
2025-07-04 19:37:16 [[31merror[39m]: Error al buscar usuario por email:
2025-07-04 19:37:16 [[31merror[39m]: Error al buscar usuario por email:
2025-07-04 19:37:16 [[31merror[39m]: Error al buscar usuario por email:
2025-07-04 19:37:16 [[31merror[39m]: Error al buscar usuario por email:
2025-07-04 19:37:28 [[31merror[39m]: Error al buscar usuario por email:
2025-07-04 19:37:43 [[31merror[39m]: Error al buscar usuario por email:
2025-07-04 19:43:46 [[31merror[39m]: Error al buscar usuario por email:
2025-07-04 19:43:47 [[31merror[39m]: Error al buscar usuario por email:
2025-07-04 19:43:48 [[31merror[39m]: Error al buscar usuario por email:
2025-07-04 19:43:48 [[31merror[39m]: Error al buscar usuario por email:
2025-07-04 19:43:48 [[31merror[39m]: Error al buscar usuario por email:
2025-07-04 19:43:48 [[31merror[39m]: Error al buscar usuario por email:
2025-07-04 19:43:59 [[31merror[39m]: Error al buscar usuario por email:
2025-07-04 19:44:57 [[31merror[39m]: Error al buscar usuario por email:
2025-07-04 19:44:58 [[31merror[39m]: Error al buscar usuario por email:
2025-07-04 19:44:58 [[31merror[39m]: Error al buscar usuario por email:
2025-07-04 19:45:07 [[31merror[39m]: Error al buscar usuario por email:
2025-07-04 19:45:30 [[31merror[39m]: Error al buscar usuario por email:
2025-07-04 19:45:53 [[31merror[39m]: Error al buscar usuario por email:
2025-07-04 19:45:57 [[31merror[39m]: Error al buscar usuario por email:
2025-07-04 19:46:46 [[31merror[39m]: Error al buscar usuario por email:
2025-07-04 19:47:01 [[31merror[39m]: Error al buscar usuario por email:
2025-07-04 19:47:06 [[31merror[39m]: Error al buscar usuario por email:
2025-07-04 19:47:15 [[31merror[39m]: Error al buscar usuario por email:
2025-07-04 19:47:35 [[31merror[39m]: Error al buscar usuario por email:
2025-07-04 19:47:38 [[31merror[39m]: Error al buscar usuario por email:
2025-07-04 19:50:10 [[31merror[39m]: Error al buscar usuario por email:
2025-07-04 19:50:55 [[31merror[39m]: Error al buscar usuario por email:
2025-07-04 19:51:52 [[31merror[39m]: Error al buscar usuario por email:
2025-07-04 20:00:19 [[31merror[39m]: Error al buscar usuario por email:
2025-07-04 20:00:43 [[31merror[39m]: Error al buscar usuario por email:
2025-07-04 20:00:46 [[31merror[39m]: Error al buscar usuario por email:
2025-07-04 20:00:48 [[31merror[39m]: Error al buscar usuario por email:
2025-07-04 20:01:04 [[31merror[39m]: Error al buscar usuario por email:
2025-07-04 20:07:42 [[31merror[39m]: Error al buscar usuario por email:
2025-07-04 20:48:31 [[31merror[39m]: Error al buscar usuario por email:
2025-07-07 23:52:57 [[31merror[39m]: Error al eliminar usuario:
2025-07-07 23:53:44 [[31merror[39m]: Error al eliminar usuario:
2025-07-08 00:21:23 [[31merror[39m]: Error al actualizar evento: Evento no encontrado
2025-07-08 18:18:35 [[31merror[39m]: Error al buscar usuario por email:
2025-07-08 22:21:33 [[31merror[39m]: Error al actualizar evento: 
Invalid `prisma.eventos.update()` invocation in
C:\Users\juang\Documents\Proyectos de NODE\PROYECTO FINAL\API-EVENTOS\Backend\src\services\eventos\updateEventos.ts:51:40

  48 }
  49 
  50 // Actualizar evento
→ 51 const updated = await prisma.eventos.update(
Error occurred during query execution:
ConnectorError(ConnectorError { user_facing_error: None, kind: QueryError(PostgresError { code: "23514", message: "el nuevo registro para la relación «eventos» viola la restricción «check» «eventos_check»", severity: "ERROR", detail: Some("La fila que falla contiene (1, Lima Pop Fest 2025, Festival de música pop con artistas nacionales e internacionale..., Estadio Nacional, Lima, Perú, 2025-08-04 00:00:00, 2025-08-04 00:00:00, 124.63, https://res.cloudinary.com/dcolydznr/image/upload/v1749697281/co..., 4, 2025-06-23 18:22:23.116832, 2025-07-08 22:21:33.28211)."), column: None, hint: None }), transient: false })
2025-07-08 22:25:14 [[31merror[39m]: Error al actualizar evento: 
Invalid `prisma.eventos.update()` invocation in
C:\Users\juang\Documents\Proyectos de NODE\PROYECTO FINAL\API-EVENTOS\Backend\src\services\eventos\updateEventos.ts:51:40

  48 }
  49 
  50 // Actualizar evento
→ 51 const updated = await prisma.eventos.update(
Error occurred during query execution:
ConnectorError(ConnectorError { user_facing_error: None, kind: QueryError(PostgresError { code: "23514", message: "el nuevo registro para la relación «eventos» viola la restricción «check» «eventos_check»", severity: "ERROR", detail: Some("La fila que falla contiene (1, Lima Pop Fest 2025, Festival de música pop con artistas nacionales e internacionale..., Estadio Nacional, Lima, Perú, 2025-08-04 00:00:00, 2025-08-04 00:00:00, 124.63, https://res.cloudinary.com/dcolydznr/image/upload/v1749697281/co..., 4, 2025-06-23 18:22:23.116832, 2025-07-08 22:25:14.589441)."), column: None, hint: None }), transient: false })
2025-07-08 23:05:34 [[31merror[39m]: Error al actualizar evento: 
Invalid `prisma.eventos.update()` invocation in
C:\Users\juang\Documents\Proyectos de NODE\PROYECTO FINAL\API-EVENTOS\Backend\src\services\eventos\updateEventos.ts:51:40

  48 }
  49 
  50 // Actualizar evento
→ 51 const updated = await prisma.eventos.update(
Error occurred during query execution:
ConnectorError(ConnectorError { user_facing_error: None, kind: QueryError(PostgresError { code: "23514", message: "el nuevo registro para la relación «eventos» viola la restricción «check» «eventos_check»", severity: "ERROR", detail: Some("La fila que falla contiene (1, Lima Pop Fest 2025, Festival de música pop con artistas nacionales e internacionale..., Estadio Nacional, Lima, Perú, 2025-08-04 00:00:00, 2025-08-04 00:00:00, 124.63, https://res.cloudinary.com/dcolydznr/image/upload/v1749697281/co..., 1, 2025-06-23 18:22:23.116832, 2025-07-08 23:05:34.243566)."), column: None, hint: None }), transient: false })
2025-07-08 23:05:35 [[31merror[39m]: Error al actualizar evento: 
Invalid `prisma.eventos.update()` invocation in
C:\Users\juang\Documents\Proyectos de NODE\PROYECTO FINAL\API-EVENTOS\Backend\src\services\eventos\updateEventos.ts:51:40

  48 }
  49 
  50 // Actualizar evento
→ 51 const updated = await prisma.eventos.update(
Error occurred during query execution:
ConnectorError(ConnectorError { user_facing_error: None, kind: QueryError(PostgresError { code: "23514", message: "el nuevo registro para la relación «eventos» viola la restricción «check» «eventos_check»", severity: "ERROR", detail: Some("La fila que falla contiene (1, Lima Pop Fest 2025, Festival de música pop con artistas nacionales e internacionale..., Estadio Nacional, Lima, Perú, 2025-08-04 00:00:00, 2025-08-04 00:00:00, 124.63, https://res.cloudinary.com/dcolydznr/image/upload/v1749697281/co..., 1, 2025-06-23 18:22:23.116832, 2025-07-08 23:05:35.652138)."), column: None, hint: None }), transient: false })
2025-07-08 23:05:36 [[31merror[39m]: Error al actualizar evento: 
Invalid `prisma.eventos.update()` invocation in
C:\Users\juang\Documents\Proyectos de NODE\PROYECTO FINAL\API-EVENTOS\Backend\src\services\eventos\updateEventos.ts:51:40

  48 }
  49 
  50 // Actualizar evento
→ 51 const updated = await prisma.eventos.update(
Error occurred during query execution:
ConnectorError(ConnectorError { user_facing_error: None, kind: QueryError(PostgresError { code: "23514", message: "el nuevo registro para la relación «eventos» viola la restricción «check» «eventos_check»", severity: "ERROR", detail: Some("La fila que falla contiene (1, Lima Pop Fest 2025, Festival de música pop con artistas nacionales e internacionale..., Estadio Nacional, Lima, Perú, 2025-08-04 00:00:00, 2025-08-04 00:00:00, 124.63, https://res.cloudinary.com/dcolydznr/image/upload/v1749697281/co..., 1, 2025-06-23 18:22:23.116832, 2025-07-08 23:05:36.931407)."), column: None, hint: None }), transient: false })
2025-07-08 23:15:18 [[31merror[39m]: Error al actualizar evento: 
Invalid `prisma.eventos.update()` invocation in
C:\Users\juang\Documents\Proyectos de NODE\PROYECTO FINAL\API-EVENTOS\Backend\src\services\eventos\updateEventos.ts:51:40

  48 }
  49 
  50 // Actualizar evento
→ 51 const updated = await prisma.eventos.update(
Error occurred during query execution:
ConnectorError(ConnectorError { user_facing_error: None, kind: QueryError(PostgresError { code: "23514", message: "el nuevo registro para la relación «eventos» viola la restricción «check» «eventos_check»", severity: "ERROR", detail: Some("La fila que falla contiene (1, Lima Pop Fest 2025, Festival de música pop con artistas nacionales e internacionale..., Estadio Nacional, Lima, Perú, 2025-08-04 00:00:00, 2025-08-04 00:00:00, 124.63, https://res.cloudinary.com/dcolydznr/image/upload/v1749697281/co..., 1, 2025-06-23 18:22:23.116832, 2025-07-08 23:15:18.074669)."), column: None, hint: None }), transient: false })
2025-07-09 21:08:31 [[31merror[39m]: Error en reporte general 
Invalid `prisma.$queryRawUnsafe()` invocation:


Raw query failed. Code: `42703`. Message: `no existe la columna u.id`
2025-07-09 21:08:57 [[31merror[39m]: Error en resumen de usuarios 
Invalid `prisma.$queryRawUnsafe()` invocation:


Raw query failed. Code: `42703`. Message: `no existe la columna u.id`
2025-07-09 21:09:16 [[31merror[39m]: Error en reportePorUsuario 
Invalid `prisma.$queryRawUnsafe()` invocation:


Raw query failed. Code: `42703`. Message: `no existe la columna u.id`
2025-07-09 21:10:39 [[31merror[39m]: Error en reportePorUsuario 
Invalid `prisma.$queryRaw()` invocation:


Raw query failed. Code: `42703`. Message: `no existe la columna u.id`
2025-07-09 21:10:47 [[31merror[39m]: Error en resumen de usuarios 
Invalid `prisma.$queryRaw()` invocation:


Raw query failed. Code: `42703`. Message: `no existe la columna u.id`
2025-07-09 21:10:54 [[31merror[39m]: Error en reporte general 
Invalid `prisma.$queryRaw()` invocation:


Raw query failed. Code: `42703`. Message: `no existe la columna u.id`
2025-07-09 21:12:03 [[31merror[39m]: Error en reporte general Do not know how to serialize a BigInt
2025-07-09 21:12:12 [[31merror[39m]: Error en resumen de usuarios Do not know how to serialize a BigInt
2025-07-09 21:12:16 [[31merror[39m]: Error en reportePorUsuario Do not know how to serialize a BigInt
